<?xml version="1.0" encoding="UTF-8"?>
<testng-results ignored="0" total="1" passed="1" failed="0" skipped="0">
  <reporter-output>
  </reporter-output>
  <suite started-at="2025-08-05T17:09:42 IST" name="Default suite" finished-at="2025-08-05T17:09:56 IST" duration-ms="14139">
    <groups>
    </groups>
    <test started-at="2025-08-05T17:09:42 IST" name="Default test" finished-at="2025-08-05T17:09:56 IST" duration-ms="14139">
      <class name="royanmobiletesting1.ValidateTest">
        <test-method is-config="true" signature="ConfigureAppium()[pri:0, instance:royanmobiletesting1.ValidateTest@3c41ed1d]" started-at="2025-08-05T17:09:42 IST" name="ConfigureAppium" finished-at="2025-08-05T17:09:50 IST" duration-ms="8065" status="PASS">
          <reporter-output>
          </reporter-output>
        </test-method> <!-- ConfigureAppium -->
        <test-method signature="ValidateTests()[pri:0, instance:royanmobiletesting1.ValidateTest@3c41ed1d]" started-at="2025-08-05T17:09:50 IST" name="ValidateTests" finished-at="2025-08-05T17:09:55 IST" duration-ms="5219" status="PASS">
          <reporter-output>
          </reporter-output>
        </test-method> <!-- ValidateTests -->
        <test-method is-config="true" signature="TearDown()[pri:0, instance:royanmobiletesting1.ValidateTest@3c41ed1d]" started-at="2025-08-05T17:09:55 IST" name="TearDown" finished-at="2025-08-05T17:09:56 IST" duration-ms="819" status="PASS">
          <reporter-output>
          </reporter-output>
        </test-method> <!-- TearDown -->
      </class> <!-- royanmobiletesting1.ValidateTest -->
    </test> <!-- Default test -->
  </suite> <!-- Default suite -->
</testng-results>
